This is pdfTeX, Version 3.14159265-2.6-1.40.16 (TeX Live 2015/Debian) (preloaded format=pdflatex 2017.2.13)  21 MAR 2017 16:11
entering extended mode
 restricted \write18 enabled.
 %&-line parsing enabled.
**dissertation.tex
(./dissertation.tex
LaTeX2e <2016/02/01>
Babel <3.9q> and hyphenation patterns for 5 language(s) loaded.
(./l4proj.cls
Document Class: l4proj 2009/01/09 Colin Perkins <csp@dcs.gla.ac.uk>.2009/09/16 
Modified by Tim Storer <tws@dcs.gla.ac.uk> to support non pdf modes.2011/02/15 
Modified by Gregg Hamilton <hamiltgr@dcs.gla.ac.uk> for use in final year proje
cts.2012/10/18 Modified by Patrick Prosser, use geometry to control margins, si
mplified.
(/usr/share/texlive/texmf-dist/tex/latex/base/report.cls
Document Class: report 2014/09/29 v1.4h Standard LaTeX document class
(/usr/share/texlive/texmf-dist/tex/latex/base/size11.clo
File: size11.clo 2014/09/29 v1.4h Standard LaTeX file (size option)
)
\c@part=\count79
\c@chapter=\count80
\c@section=\count81
\c@subsection=\count82
\c@subsubsection=\count83
\c@paragraph=\count84
\c@subparagraph=\count85
\c@figure=\count86
\c@table=\count87
\abovecaptionskip=\skip41
\belowcaptionskip=\skip42
\bibindent=\dimen102
)
(/usr/share/texlive/texmf-dist/tex/generic/oberdiek/ifpdf.sty
Package: ifpdf 2011/01/30 v2.3 Provides the ifpdf switch (HO)
Package ifpdf Info: pdfTeX in PDF mode is detected.
)
(/usr/share/texlive/texmf-dist/tex/latex/graphics/graphicx.sty
Package: graphicx 2014/10/28 v1.0g Enhanced LaTeX Graphics (DPC,SPQR)

(/usr/share/texlive/texmf-dist/tex/latex/graphics/keyval.sty
Package: keyval 2014/10/28 v1.15 key=value parser (DPC)
\KV@toks@=\toks14
)
(/usr/share/texlive/texmf-dist/tex/latex/graphics/graphics.sty
Package: graphics 2016/01/03 v1.0q Standard LaTeX Graphics (DPC,SPQR)

(/usr/share/texlive/texmf-dist/tex/latex/graphics/trig.sty
Package: trig 2016/01/03 v1.10 sin cos tan (DPC)
)
(/usr/share/texlive/texmf-dist/tex/latex/latexconfig/graphics.cfg
File: graphics.cfg 2010/04/23 v1.9 graphics configuration of TeX Live
)
Package graphics Info: Driver file: pdftex.def on input line 95.

(/usr/share/texlive/texmf-dist/tex/latex/pdftex-def/pdftex.def
File: pdftex.def 2011/05/27 v0.06d Graphics/color for pdfTeX

(/usr/share/texlive/texmf-dist/tex/generic/oberdiek/infwarerr.sty
Package: infwarerr 2010/04/08 v1.3 Providing info/warning/error messages (HO)
)
(/usr/share/texlive/texmf-dist/tex/generic/oberdiek/ltxcmds.sty
Package: ltxcmds 2011/11/09 v1.22 LaTeX kernel commands for general use (HO)
)
\Gread@gobject=\count88
))
\Gin@req@height=\dimen103
\Gin@req@width=\dimen104
)
(/usr/share/texlive/texmf-dist/tex/latex/appendix/appendix.sty
Package: appendix 2009/09/02 v1.2b extra appendix facilities
\c@@pps=\count89
\c@@ppsavesec=\count90
\c@@ppsaveapp=\count91
)
(/usr/share/texlive/texmf-dist/tex/latex/psnfss/times.sty
Package: times 2005/04/12 PSNFSS-v9.2a (SPQR) 
)
(/usr/share/texlive/texmf-dist/tex/latex/geometry/geometry.sty
Package: geometry 2010/09/12 v5.6 Page Geometry

(/usr/share/texlive/texmf-dist/tex/generic/oberdiek/ifvtex.sty
Package: ifvtex 2010/03/01 v1.5 Detect VTeX and its facilities (HO)
Package ifvtex Info: VTeX not detected.
)
(/usr/share/texlive/texmf-dist/tex/generic/ifxetex/ifxetex.sty
Package: ifxetex 2010/09/12 v0.6 Provides ifxetex conditional
)
\Gm@cnth=\count92
\Gm@cntv=\count93
\c@Gm@tempcnt=\count94
\Gm@bindingoffset=\dimen105
\Gm@wd@mp=\dimen106
\Gm@odd@mp=\dimen107
\Gm@even@mp=\dimen108
\Gm@layoutwidth=\dimen109
\Gm@layoutheight=\dimen110
\Gm@layouthoffset=\dimen111
\Gm@layoutvoffset=\dimen112
\Gm@dimlist=\toks15
))
(/usr/share/texlive/texmf-dist/tex/latex/graphics/color.sty
Package: color 2016/01/03 v1.1b Standard LaTeX Color (DPC)

(/usr/share/texlive/texmf-dist/tex/latex/latexconfig/color.cfg
File: color.cfg 2007/01/18 v1.5 color configuration of teTeX/TeXLive
)
Package color Info: Driver file: pdftex.def on input line 143.
)
(/usr/share/texlive/texmf-dist/tex/latex/was/gensymb.sty
Package: gensymb 2003/07/02 v1.0 (WaS)
)
(/usr/share/texlive/texmf-dist/tex/latex/colortbl/colortbl.sty
Package: colortbl 2012/02/13 v1.0a Color table columns (DPC)

(/usr/share/texlive/texmf-dist/tex/latex/tools/array.sty
Package: array 2014/10/28 v2.4c Tabular extension package (FMi)
\col@sep=\dimen113
\extrarowheight=\dimen114
\NC@list=\toks16
\extratabsurround=\skip43
\backup@length=\skip44
)
\everycr=\toks17
\minrowclearance=\skip45
)
(/usr/share/texlive/texmf-dist/tex/latex/xcolor/xcolor.sty
Package: xcolor 2007/01/21 v2.11 LaTeX color extensions (UK)

(/usr/share/texlive/texmf-dist/tex/latex/latexconfig/color.cfg
File: color.cfg 2007/01/18 v1.5 color configuration of teTeX/TeXLive
)
Package xcolor Info: Driver file: pdftex.def on input line 225.
LaTeX Info: Redefining \color on input line 702.
Package xcolor Info: Model `cmy' substituted by `cmy0' on input line 1337.
Package xcolor Info: Model `hsb' substituted by `rgb' on input line 1341.
Package xcolor Info: Model `RGB' extended on input line 1353.
Package xcolor Info: Model `HTML' substituted by `rgb' on input line 1355.
Package xcolor Info: Model `Hsb' substituted by `hsb' on input line 1356.
Package xcolor Info: Model `tHsb' substituted by `hsb' on input line 1357.
Package xcolor Info: Model `HSB' substituted by `hsb' on input line 1358.
Package xcolor Info: Model `Gray' substituted by `gray' on input line 1359.
Package xcolor Info: Model `wave' substituted by `hsb' on input line 1360.
)
(/usr/share/texlive/texmf-dist/tex/latex/l3packages/xfrac/xfrac.sty
(/usr/share/texlive/texmf-dist/tex/latex/l3kernel/expl3.sty
Package: expl3 2016/01/19 v6377 L3 programming layer (loader) 

(/usr/share/texlive/texmf-dist/tex/latex/l3kernel/expl3-code.tex
Package: expl3 2016/01/19 v6377 L3 programming layer (code)
L3 Module: l3bootstrap 2016/01/01 v6339 L3 Bootstrap code
L3 Module: l3names 2015/12/21 v6328 L3 Namespace for primitives
L3 Module: l3basics 2015/11/22 v6315 L3 Basic definitions
L3 Module: l3expan 2015/09/10 v5983 L3 Argument expansion
L3 Module: l3tl 2015/09/29 v6121 L3 Token lists
L3 Module: l3str 2016/01/03 v6357 L3 Strings
L3 Module: l3seq 2015/08/05 v5777 L3 Sequences and stacks
L3 Module: l3int 2016/01/05 v6366 L3 Integers
\c_max_int=\count95
\l_tmpa_int=\count96
\l_tmpb_int=\count97
\g_tmpa_int=\count98
\g_tmpb_int=\count99
L3 Module: l3quark 2015/08/17 v5855 L3 Quarks
L3 Module: l3prg 2015/11/01 v6216 L3 Control structures
\g__prg_map_int=\count100
L3 Module: l3clist 2015/09/02 v5901 L3 Comma separated lists
L3 Module: l3token 2015/11/11 v6249 L3 Experimental token manipulation
L3 Module: l3prop 2016/01/05 v6366 L3 Property lists
L3 Module: l3msg 2015/09/28 v6113 L3 Messages
L3 Module: l3file 2015/12/03 v6317 L3 File and I/O operations
\l_iow_line_count_int=\count101
\l__iow_target_count_int=\count102
\l__iow_current_line_int=\count103
\l__iow_current_word_int=\count104
\l__iow_current_indentation_int=\count105
L3 Module: l3skip 2016/01/05 v6366 L3 Dimensions and skips
\c_zero_dim=\dimen115
\c_max_dim=\dimen116
\l_tmpa_dim=\dimen117
\l_tmpb_dim=\dimen118
\g_tmpa_dim=\dimen119
\g_tmpb_dim=\dimen120
\c_zero_skip=\skip46
\c_max_skip=\skip47
\l_tmpa_skip=\skip48
\l_tmpb_skip=\skip49
\g_tmpa_skip=\skip50
\g_tmpb_skip=\skip51
\c_zero_muskip=\muskip10
\c_max_muskip=\muskip11
\l_tmpa_muskip=\muskip12
\l_tmpb_muskip=\muskip13
\g_tmpa_muskip=\muskip14
\g_tmpb_muskip=\muskip15
L3 Module: l3keys 2015/11/17 v6284 L3 Key-value interfaces
\g__keyval_level_int=\count106
\l_keys_choice_int=\count107
L3 Module: l3fp 2015/08/25 v5890 L3 Floating points
\c__fp_leading_shift_int=\count108
\c__fp_middle_shift_int=\count109
\c__fp_trailing_shift_int=\count110
\c__fp_big_leading_shift_int=\count111
\c__fp_big_middle_shift_int=\count112
\c__fp_big_trailing_shift_int=\count113
\c__fp_Bigg_leading_shift_int=\count114
\c__fp_Bigg_middle_shift_int=\count115
\c__fp_Bigg_trailing_shift_int=\count116
L3 Module: l3box 2015/08/09 v5822 L3 Experimental boxes
\c_empty_box=\box26
\l_tmpa_box=\box27
\l_tmpb_box=\box28
\g_tmpa_box=\box29
\g_tmpb_box=\box30
L3 Module: l3coffins 2015/08/06 v5789 L3 Coffin code layer
\l__coffin_internal_box=\box31
\l__coffin_internal_dim=\dimen121
\l__coffin_offset_x_dim=\dimen122
\l__coffin_offset_y_dim=\dimen123
\l__coffin_x_dim=\dimen124
\l__coffin_y_dim=\dimen125
\l__coffin_x_prime_dim=\dimen126
\l__coffin_y_prime_dim=\dimen127
\c_empty_coffin=\box32
\l__coffin_aligned_coffin=\box33
\l__coffin_aligned_internal_coffin=\box34
\l_tmpa_coffin=\box35
\l_tmpb_coffin=\box36
\l__coffin_display_coffin=\box37
\l__coffin_display_coord_coffin=\box38
\l__coffin_display_pole_coffin=\box39
\l__coffin_display_offset_dim=\dimen128
\l__coffin_display_x_dim=\dimen129
\l__coffin_display_y_dim=\dimen130
L3 Module: l3color 2014/08/23 v5354 L3 Experimental color support
L3 Module: l3sys 2015/09/25 v6087 L3 Experimental system/runtime functions
L3 Module: l3candidates 2016/01/14 v6376 L3 Experimental additions to l3kernel
\l__box_top_dim=\dimen131
\l__box_bottom_dim=\dimen132
\l__box_left_dim=\dimen133
\l__box_right_dim=\dimen134
\l__box_top_new_dim=\dimen135
\l__box_bottom_new_dim=\dimen136
\l__box_left_new_dim=\dimen137
\l__box_right_new_dim=\dimen138
\l__box_internal_box=\box40
\l__coffin_bounding_shift_dim=\dimen139
\l__coffin_left_corner_dim=\dimen140
\l__coffin_right_corner_dim=\dimen141
\l__coffin_bottom_corner_dim=\dimen142
\l__coffin_top_corner_dim=\dimen143
\l__coffin_scaled_total_height_dim=\dimen144
\l__coffin_scaled_width_dim=\dimen145
L3 Module: l3luatex 2015/11/11 v6250 L3 Experimental LuaTeX-specific functions
)
(/usr/share/texlive/texmf-dist/tex/latex/l3kernel/l3pdfmode.def
File: l3pdfmode.def 2015/11/11 v6250 L3 Experimental driver: PDF mode
\l__driver_color_stack_int=\count117
))
(/usr/share/texlive/texmf-dist/tex/latex/amsmath/amstext.sty
Package: amstext 2000/06/29 v2.01 AMS text

(/usr/share/texlive/texmf-dist/tex/latex/amsmath/amsgen.sty
File: amsgen.sty 1999/11/30 v2.0 generic functions
\@emptytoks=\toks18
\ex@=\dimen146
))
(/usr/share/texlive/texmf-dist/tex/latex/l3packages/l3keys2e/l3keys2e.sty
Package: l3keys2e 2016/01/19 v6377 LaTeX2e option processing using LaTeX3 keys
)
(/usr/share/texlive/texmf-dist/tex/latex/base/textcomp.sty
Package: textcomp 2005/09/27 v1.99g Standard LaTeX package
Package textcomp Info: Sub-encoding information:
(textcomp)               5 = only ISO-Adobe without \textcurrency
(textcomp)               4 = 5 + \texteuro
(textcomp)               3 = 4 + \textohm
(textcomp)               2 = 3 + \textestimated + \textcurrency
(textcomp)               1 = TS1 - \textcircled - \t
(textcomp)               0 = TS1 (full)
(textcomp)             Font families with sub-encoding setting implement
(textcomp)             only a restricted character set as indicated.
(textcomp)             Family '?' is the default used for unknown fonts.
(textcomp)             See the documentation for details.
Package textcomp Info: Setting ? sub-encoding to TS1/1 on input line 79.

(/usr/share/texlive/texmf-dist/tex/latex/base/ts1enc.def
File: ts1enc.def 2001/06/05 v3.0e (jk/car/fm) Standard LaTeX file
)
LaTeX Info: Redefining \oldstylenums on input line 334.
Package textcomp Info: Setting cmr sub-encoding to TS1/0 on input line 349.
Package textcomp Info: Setting cmss sub-encoding to TS1/0 on input line 350.
Package textcomp Info: Setting cmtt sub-encoding to TS1/0 on input line 351.
Package textcomp Info: Setting cmvtt sub-encoding to TS1/0 on input line 352.
Package textcomp Info: Setting cmbr sub-encoding to TS1/0 on input line 353.
Package textcomp Info: Setting cmtl sub-encoding to TS1/0 on input line 354.
Package textcomp Info: Setting ccr sub-encoding to TS1/0 on input line 355.
Package textcomp Info: Setting ptm sub-encoding to TS1/4 on input line 356.
Package textcomp Info: Setting pcr sub-encoding to TS1/4 on input line 357.
Package textcomp Info: Setting phv sub-encoding to TS1/4 on input line 358.
Package textcomp Info: Setting ppl sub-encoding to TS1/3 on input line 359.
Package textcomp Info: Setting pag sub-encoding to TS1/4 on input line 360.
Package textcomp Info: Setting pbk sub-encoding to TS1/4 on input line 361.
Package textcomp Info: Setting pnc sub-encoding to TS1/4 on input line 362.
Package textcomp Info: Setting pzc sub-encoding to TS1/4 on input line 363.
Package textcomp Info: Setting bch sub-encoding to TS1/4 on input line 364.
Package textcomp Info: Setting put sub-encoding to TS1/5 on input line 365.
Package textcomp Info: Setting uag sub-encoding to TS1/5 on input line 366.
Package textcomp Info: Setting ugq sub-encoding to TS1/5 on input line 367.
Package textcomp Info: Setting ul8 sub-encoding to TS1/4 on input line 368.
Package textcomp Info: Setting ul9 sub-encoding to TS1/4 on input line 369.
Package textcomp Info: Setting augie sub-encoding to TS1/5 on input line 370.
Package textcomp Info: Setting dayrom sub-encoding to TS1/3 on input line 371.
Package textcomp Info: Setting dayroms sub-encoding to TS1/3 on input line 372.

Package textcomp Info: Setting pxr sub-encoding to TS1/0 on input line 373.
Package textcomp Info: Setting pxss sub-encoding to TS1/0 on input line 374.
Package textcomp Info: Setting pxtt sub-encoding to TS1/0 on input line 375.
Package textcomp Info: Setting txr sub-encoding to TS1/0 on input line 376.
Package textcomp Info: Setting txss sub-encoding to TS1/0 on input line 377.
Package textcomp Info: Setting txtt sub-encoding to TS1/0 on input line 378.
Package textcomp Info: Setting lmr sub-encoding to TS1/0 on input line 379.
Package textcomp Info: Setting lmdh sub-encoding to TS1/0 on input line 380.
Package textcomp Info: Setting lmss sub-encoding to TS1/0 on input line 381.
Package textcomp Info: Setting lmssq sub-encoding to TS1/0 on input line 382.
Package textcomp Info: Setting lmvtt sub-encoding to TS1/0 on input line 383.
Package textcomp Info: Setting lmtt sub-encoding to TS1/0 on input line 384.
Package textcomp Info: Setting qhv sub-encoding to TS1/0 on input line 385.
Package textcomp Info: Setting qag sub-encoding to TS1/0 on input line 386.
Package textcomp Info: Setting qbk sub-encoding to TS1/0 on input line 387.
Package textcomp Info: Setting qcr sub-encoding to TS1/0 on input line 388.
Package textcomp Info: Setting qcs sub-encoding to TS1/0 on input line 389.
Package textcomp Info: Setting qpl sub-encoding to TS1/0 on input line 390.
Package textcomp Info: Setting qtm sub-encoding to TS1/0 on input line 391.
Package textcomp Info: Setting qzc sub-encoding to TS1/0 on input line 392.
Package textcomp Info: Setting qhvc sub-encoding to TS1/0 on input line 393.
Package textcomp Info: Setting futs sub-encoding to TS1/4 on input line 394.
Package textcomp Info: Setting futx sub-encoding to TS1/4 on input line 395.
Package textcomp Info: Setting futj sub-encoding to TS1/4 on input line 396.
Package textcomp Info: Setting hlh sub-encoding to TS1/3 on input line 397.
Package textcomp Info: Setting hls sub-encoding to TS1/3 on input line 398.
Package textcomp Info: Setting hlst sub-encoding to TS1/3 on input line 399.
Package textcomp Info: Setting hlct sub-encoding to TS1/5 on input line 400.
Package textcomp Info: Setting hlx sub-encoding to TS1/5 on input line 401.
Package textcomp Info: Setting hlce sub-encoding to TS1/5 on input line 402.
Package textcomp Info: Setting hlcn sub-encoding to TS1/5 on input line 403.
Package textcomp Info: Setting hlcw sub-encoding to TS1/5 on input line 404.
Package textcomp Info: Setting hlcf sub-encoding to TS1/5 on input line 405.
Package textcomp Info: Setting pplx sub-encoding to TS1/3 on input line 406.
Package textcomp Info: Setting pplj sub-encoding to TS1/3 on input line 407.
Package textcomp Info: Setting ptmx sub-encoding to TS1/4 on input line 408.
Package textcomp Info: Setting ptmj sub-encoding to TS1/4 on input line 409.
)
(/usr/share/texlive/texmf-dist/tex/latex/l3packages/xparse/xparse.sty
Package: xparse 2016/01/19 v6377 L3 Experimental document command parser
\l__xparse_current_arg_int=\count118
\l__xparse_m_args_int=\count119
\l__xparse_mandatory_args_int=\count120
\l__xparse_processor_int=\count121
\l__xparse_v_nesting_int=\count122
)
(/usr/share/texlive/texmf-dist/tex/latex/l3packages/xtemplate/xtemplate.sty
Package: xtemplate 2016/01/19 v6377 L3 Experimental prototype document function
s
\l__xtemplate_tmp_dim=\dimen147
\l__xtemplate_tmp_int=\count123
\l__xtemplate_tmp_muskip=\muskip16
\l__xtemplate_tmp_skip=\skip52
)
Package: xfrac 2016/01/19 v6377 L3 Experimental split-level fractions
\l__xfrac_slash_box=\box41
\l__xfrac_tmp_box=\box42
\l__xfrac_denominator_bot_sep_dim=\dimen148
\l__xfrac_numerator_bot_sep_dim=\dimen149
\l__xfrac_numerator_top_sep_dim=\dimen150
\l__xfrac_slash_left_sep_dim=\dimen151
\l__xfrac_slash_right_sep_dim=\dimen152
\l__xfrac_slash_left_muskip=\muskip17
\l__xfrac_slash_right_muskip=\muskip18
.................................................
. xtemplate info: "declare-object-type"
. 
. Declaring object type 'xfrac' taking 3 argument(s) on line 111.
.................................................
.................................................
. LaTeX info: "xparse/define-command"
. 
. Defining command \sfrac with sig. 'omom' on line 451.
.................................................
)
(/usr/share/texlive/texmf-dist/tex/latex/etoolbox/etoolbox.sty
Package: etoolbox 2015/08/02 v2.2a e-TeX tools for LaTeX (JAW)
\etb@tempcnta=\count124
)
(./dissertation.aux

LaTeX Warning: Label `FinalTrainingData' multiply defined.

)
\openout1 = `dissertation.aux'.

LaTeX Font Info:    Checking defaults for OML/cmm/m/it on input line 36.
LaTeX Font Info:    ... okay on input line 36.
LaTeX Font Info:    Checking defaults for T1/cmr/m/n on input line 36.
LaTeX Font Info:    ... okay on input line 36.
LaTeX Font Info:    Checking defaults for OT1/cmr/m/n on input line 36.
LaTeX Font Info:    ... okay on input line 36.
LaTeX Font Info:    Checking defaults for OMS/cmsy/m/n on input line 36.
LaTeX Font Info:    ... okay on input line 36.
LaTeX Font Info:    Checking defaults for OMX/cmex/m/n on input line 36.
LaTeX Font Info:    ... okay on input line 36.
LaTeX Font Info:    Checking defaults for U/cmr/m/n on input line 36.
LaTeX Font Info:    ... okay on input line 36.
LaTeX Font Info:    Checking defaults for TS1/cmr/m/n on input line 36.
LaTeX Font Info:    Try loading font information for TS1+cmr on input line 36.
 (/usr/share/texlive/texmf-dist/tex/latex/base/ts1cmr.fd
File: ts1cmr.fd 2014/09/29 v2.5h Standard LaTeX font definitions
)
LaTeX Font Info:    ... okay on input line 36.
LaTeX Font Info:    Try loading font information for OT1+ptm on input line 36.

(/usr/share/texlive/texmf-dist/tex/latex/psnfss/ot1ptm.fd
File: ot1ptm.fd 2001/06/04 font definitions for OT1/ptm.
)
(/usr/share/texlive/texmf-dist/tex/context/base/supp-pdf.mkii
[Loading MPS to PDF converter (version 2006.09.02).]
\scratchcounter=\count125
\scratchdimen=\dimen153
\scratchbox=\box43
\nofMPsegments=\count126
\nofMParguments=\count127
\everyMPshowfont=\toks19
\MPscratchCnt=\count128
\MPscratchDim=\dimen154
\MPnumerator=\count129
\makeMPintoPDFobject=\count130
\everyMPtoPDFconversion=\toks20
) (/usr/share/texlive/texmf-dist/tex/generic/oberdiek/pdftexcmds.sty
Package: pdftexcmds 2011/11/29 v0.20 Utility functions of pdfTeX for LuaTeX (HO
)

(/usr/share/texlive/texmf-dist/tex/generic/oberdiek/ifluatex.sty
Package: ifluatex 2010/03/01 v1.3 Provides the ifluatex switch (HO)
Package ifluatex Info: LuaTeX not detected.
)
Package pdftexcmds Info: LuaTeX not detected.
Package pdftexcmds Info: \pdf@primitive is available.
Package pdftexcmds Info: \pdf@ifprimitive is available.
Package pdftexcmds Info: \pdfdraftmode found.
)
(/usr/share/texlive/texmf-dist/tex/latex/oberdiek/epstopdf-base.sty
Package: epstopdf-base 2010/02/09 v2.5 Base part for package epstopdf

(/usr/share/texlive/texmf-dist/tex/latex/oberdiek/grfext.sty
Package: grfext 2010/08/19 v1.1 Manage graphics extensions (HO)

(/usr/share/texlive/texmf-dist/tex/generic/oberdiek/kvdefinekeys.sty
Package: kvdefinekeys 2011/04/07 v1.3 Define keys (HO)
))
(/usr/share/texlive/texmf-dist/tex/latex/oberdiek/kvoptions.sty
Package: kvoptions 2011/06/30 v3.11 Key value format for package options (HO)

(/usr/share/texlive/texmf-dist/tex/generic/oberdiek/kvsetkeys.sty
Package: kvsetkeys 2012/04/25 v1.16 Key value parser (HO)

(/usr/share/texlive/texmf-dist/tex/generic/oberdiek/etexcmds.sty
Package: etexcmds 2011/02/16 v1.5 Avoid name clashes with e-TeX commands (HO)
Package etexcmds Info: Could not find \expanded.
(etexcmds)             That can mean that you are not using pdfTeX 1.50 or
(etexcmds)             that some package has redefined \expanded.
(etexcmds)             In the latter case, load this package earlier.
)))
Package grfext Info: Graphics extension search list:
(grfext)             [.png,.pdf,.jpg,.mps,.jpeg,.jbig2,.jb2,.PNG,.PDF,.JPG,.JPE
G,.JBIG2,.JB2,.eps]
(grfext)             \AppendGraphicsExtensions on input line 452.

(/usr/share/texlive/texmf-dist/tex/latex/latexconfig/epstopdf-sys.cfg
File: epstopdf-sys.cfg 2010/07/13 v1.3 Configuration of (r)epstopdf for TeX Liv
e
))
*geometry* driver: auto-detecting
*geometry* detected driver: pdftex
*geometry* verbose mode - [ preamble ] result:
* driver: pdftex
* paper: <default>
* layout: <same size as paper>
* layoutoffset:(h,v)=(0.0pt,0.0pt)
* modes: 
* h-part:(L,W,R)=(89.62709pt, 418.25368pt, 89.6271pt)
* v-part:(T,H,B)=(99.58464pt, 631.65118pt, 113.81102pt)
* \paperwidth=597.50787pt
* \paperheight=845.04684pt
* \textwidth=490.52367pt
* \textheight=703.92117pt
* \oddsidemargin=-18.7779pt
* \evensidemargin=17.3571pt
* \topmargin=-45.82034pt
* \headheight=12.0pt
* \headsep=25.0pt
* \topskip=11.0pt
* \footskip=30.0pt
* \marginparwidth=50.0pt
* \marginparsep=10.0pt
* \columnsep=10.0pt
* \skip\footins=10.0pt plus 4.0pt minus 2.0pt
* \hoffset=0.0pt
* \voffset=0.0pt
* \mag=1000
* \@twocolumnfalse
* \@twosidefalse
* \@mparswitchfalse
* \@reversemarginfalse
* (1in=72.27pt=25.4mm, 1cm=28.453pt)

\symgns@font=\mathgroup4
LaTeX Font Info:    Overwriting symbol font `gns@font' in version `bold'
(Font)                  TS1/ptm/m/n --> TS1/ptm/bx/n on input line 36.
Package gensymb Info: Math companion symbols declared on input line 36.
LaTeX Info: Redefining \degree on input line 36.
LaTeX Info: Redefining \celsius on input line 36.
Package gensymb Info: Using text companion symbols for \degree, \celsius and \p
erthousand on input line 36.
LaTeX Info: Redefining \ohm on input line 36.
Package gensymb Info: Using \textohm for \ohm on input line 36.
Package gensymb Info: Using \textmu for \micro on input line 36.
<images/CompSci_colour.pdf, id=1, 340.27126pt x 49.18375pt>
File: images/CompSci_colour.pdf Graphic file (type pdf)

<use images/CompSci_colour.pdf>
Package pdftex.def Info: images/CompSci_colour.pdf used on input line 40.
(pdftex.def)             Requested size: 283.36508pt x -7.72174pt.
LaTeX Font Info:    External font `cmex10' loaded for size
(Font)              <12> on input line 40.
LaTeX Font Info:    External font `cmex10' loaded for size
(Font)              <8> on input line 40.
LaTeX Font Info:    External font `cmex10' loaded for size
(Font)              <6> on input line 40.
LaTeX Font Info:    Try loading font information for TS1+ptm on input line 40.

(/usr/share/texlive/texmf-dist/tex/latex/psnfss/ts1ptm.fd
File: ts1ptm.fd 2001/06/04 font definitions for TS1/ptm.
) [1

{/var/lib/texmf/fonts/map/pdftex/updmap/pdftex.map} <./images/CompSci_colour.pd
f>]
LaTeX Font Info:    Font shape `OT1/ptm/bx/n' in size <10.95> not available
(Font)              Font shape `OT1/ptm/b/n' tried instead on input line 42.
 [1]
LaTeX Font Info:    Font shape `OT1/ptm/bx/n' in size <14.4> not available
(Font)              Font shape `OT1/ptm/b/n' tried instead on input line 51.
LaTeX Font Info:    External font `cmex10' loaded for size
(Font)              <10.95> on input line 51.
 [1]
[2]
LaTeX Font Info:    Font shape `OT1/ptm/bx/n' in size <24.88> not available
(Font)              Font shape `OT1/ptm/b/n' tried instead on input line 62.
 (./dissertation.toc [3

])
\tf@toc=\write3
\openout3 = `dissertation.toc'.

 [4] (./dissertation.lof [5

] [6])
\tf@lof=\write4
\openout4 = `dissertation.lof'.

 [7]
(./dissertation.lot)
\tf@lot=\write5
\openout5 = `dissertation.lot'.

 [8

]
Chapter 1.
LaTeX Font Info:    Font shape `OT1/ptm/bx/n' in size <20.74> not available
(Font)              Font shape `OT1/ptm/b/n' tried instead on input line 67.
<images/draw.png, id=40, 1927.2pt x 1084.05pt>
File: images/draw.png Graphic file (type png)
 <use images/draw.png>
Package pdftex.def Info: images/draw.png used on input line 78.
(pdftex.def)             Requested size: 398.3133pt x 223.9189pt.

<images/mimic.png, id=42, 1927.2pt x 1084.05pt>
File: images/mimic.png Graphic file (type png)
 <use images/mimic.png>
Package pdftex.def Info: images/mimic.png used on input line 87.
(pdftex.def)             Requested size: 398.3133pt x 223.9189pt.


LaTeX Warning: `!h' float specifier changed to `!ht'.

[1

 <./images/draw.png>]
<images/baxter_working.jpg, id=47, 1296.845pt x 582.175pt>
File: images/baxter_working.jpg Graphic file (type jpg)

<use images/baxter_working.jpg>
Package pdftex.def Info: images/baxter_working.jpg used on input line 102.
(pdftex.def)             Requested size: 398.33719pt x 223.92043pt.
 [2 <./images/mimic.png> <./images/baxter_working.jpg>] [3]
Chapter 2.
<images/computer_vision.png, id=55, 735.74875pt x 1004.75375pt>
File: images/computer_vision.png Graphic file (type png)

<use images/computer_vision.png>
Package pdftex.def Info: images/computer_vision.png used on input line 148.
(pdftex.def)             Requested size: 219.08723pt x 312.97292pt.


LaTeX Warning: `!h' float specifier changed to `!ht'.

LaTeX Font Info:    Font shape `OT1/ptm/bx/n' in size <12> not available
(Font)              Font shape `OT1/ptm/b/n' tried instead on input line 153.
[4

] <images/neural_network2.png, id=59, 1003.75pt x 401.5pt>
File: images/neural_network2.png Graphic file (type png)

<use images/neural_network2.png>
Package pdftex.def Info: images/neural_network2.png used on input line 159.
(pdftex.def)             Requested size: 398.3378pt x 165.02652pt.
 [5 <./images/computer_vision.png> <./images/neural_network2.png>]
<images/classification.png, id=64, 1224.575pt x 504.88625pt>
File: images/classification.png Graphic file (type png)

<use images/classification.png>
Package pdftex.def Info: images/classification.png used on input line 168.
(pdftex.def)             Requested size: 489.82132pt x 201.95091pt.
 [6 <./images/classification.png (PNG copy)>]
<images/RViz.png, id=68, 803.0pt x 456.70625pt>
File: images/RViz.png Graphic file (type png)
 <use images/RViz.png>
Package pdftex.def Info: images/RViz.png used on input line 198.
(pdftex.def)             Requested size: 425.58798pt x 242.05315pt.
 [7 <./images/RViz.png>]
<images/baxter_joint_names.png, id=73, 351.02571pt x 398.51743pt>
File: images/baxter_joint_names.png Graphic file (type png)

<use images/baxter_joint_names.png>
Package pdftex.def Info: images/baxter_joint_names.png used on input line 214.
(pdftex.def)             Requested size: 280.82094pt x 318.81436pt.
 [8 <./images/baxter_joint_names.png>]
[9]
Missing character: There is no ‚ in font ptmr7t!
Missing character: There is no Ä in font ptmr7t!
Missing character: There is no ú in font ptmr7t!
Missing character: There is no ‚ in font ptmr7t!
Missing character: There is no Ä in font ptmr7t!
Missing character: There is no ù in font ptmr7t!
 [10] [11]
Chapter 3.
<images/kinect2_bridge.png, id=89, 1054.94125pt x 272.01625pt>
File: images/kinect2_bridge.png Graphic file (type png)

<use images/kinect2_bridge.png>
Package pdftex.def Info: images/kinect2_bridge.png used on input line 310.
(pdftex.def)             Requested size: 495.82246pt x 127.84764pt.

Overfull \hbox (5.2988pt too wide) in paragraph at lines 310--311
 [][] 
 []


LaTeX Warning: `!h' float specifier changed to `!ht'.

[12

] <images/kinect2_bridge_roslaunch.png, id=93, 1927.2pt x 1084.05pt>
File: images/kinect2_bridge_roslaunch.png Graphic file (type png)

<use images/kinect2_bridge_roslaunch.png>
Package pdftex.def Info: images/kinect2_bridge_roslaunch.png used on input line
 322.
(pdftex.def)             Requested size: 501.0602pt x 281.84636pt.

Overfull \hbox (10.53653pt too wide) in paragraph at lines 322--323
 [][] 
 []

[13 <./images/kinect2_bridge.png> <./images/kinect2_bridge_roslaunch.png>]
<images/chessboard_normal_and_b&w.jpg, id=97, 1063.975pt x 513.92pt>
File: images/chessboard_normal_and_b&w.jpg Graphic file (type jpg)

<use images/chessboard_normal_and_b&w.jpg>
Package pdftex.def Info: images/chessboard_normal_and_b&w.jpg used on input lin
e 340.
(pdftex.def)             Requested size: 412.56204pt x 199.1733pt.

<images/findChessBoardCorners.png, id=98, 383.4325pt x 348.30125pt>
File: images/findChessBoardCorners.png Graphic file (type png)

<use images/findChessBoardCorners.png>
Package pdftex.def Info: images/findChessBoardCorners.png used on input line 34
8.
(pdftex.def)             Requested size: 213.39847pt x 199.16621pt.
 [14 <./images/chessboard_normal_and_b&w.jpg> <./images/findChessBoardCorners.p
ng>]
<images/matched_features.png, id=102, 1844.39063pt x 813.0375pt>
File: images/matched_features.png Graphic file (type png)

<use images/matched_features.png>
Package pdftex.def Info: images/matched_features.png used on input line 361.
(pdftex.def)             Requested size: 461.09653pt x 203.25888pt.

<images/homography2.png, id=103, 1445.4pt x 813.0375pt>
File: images/homography2.png Graphic file (type png)

<use images/homography2.png>
Package pdftex.def Info: images/homography2.png used on input line 371.
(pdftex.def)             Requested size: 419.15527pt x 235.77484pt.
 [15 <./images/matched_features.png (PNG copy)> <./images/homography2.png (PNG 
copy)>]
<images/homography_with_lines3.png, id=108, 1844.39063pt x 813.0375pt>
File: images/homography_with_lines3.png Graphic file (type png)

<use images/homography_with_lines3.png>
Package pdftex.def Info: images/homography_with_lines3.png used on input line 3
81.
(pdftex.def)             Requested size: 497.99213pt x 219.52306pt.

Overfull \hbox (7.46846pt too wide) in paragraph at lines 381--382
 [][] 
 []

<images/king_on_table.jpeg, id=109, 1927.2pt x 1084.05pt>
File: images/king_on_table.jpeg Graphic file (type jpg)

<use images/king_on_table.jpeg>
Package pdftex.def Info: images/king_on_table.jpeg used on input line 393.
(pdftex.def)             Requested size: 481.79883pt x 271.01184pt.


LaTeX Warning: `!h' float specifier changed to `!ht'.

<images/white_knight7.png, id=110, 45.16875pt x 78.2925pt>
File: images/white_knight7.png Graphic file (type png)

<use images/white_knight7.png>
Package pdftex.def Info: images/white_knight7.png used on input line 405.
(pdftex.def)             Requested size: 67.75293pt x 117.43845pt.
 [16 <./images/homography_with_lines3.png (PNG copy)>] <images/first_pictures.p
ng, id=114, 719.68875pt x 768.8725pt>
File: images/first_pictures.png Graphic file (type png)

<use images/first_pictures.png>
Package pdftex.def Info: images/first_pictures.png used on input line 418.
(pdftex.def)             Requested size: 359.84349pt x 384.4353pt.


LaTeX Warning: `!h' float specifier changed to `!ht'.

<images/bishop_folder_noBG.png, id=115, 893.3375pt x 584.1825pt>
File: images/bishop_folder_noBG.png Graphic file (type png)

<use images/bishop_folder_noBG.png>
Package pdftex.def Info: images/bishop_folder_noBG.png used on input line 427.
(pdftex.def)             Requested size: 357.32866pt x 233.66885pt.


LaTeX Warning: `!h' float specifier changed to `!ht'.

[17 <./images/king_on_table.jpeg> <./images/white_knight7.png>]

LaTeX Warning: Text page 18 contains only floats.


Overfull \vbox (3.12415pt too high) has occurred while \output is active []


[18 <./images/first_pictures.png> <./images/bishop_folder_noBG.png>]
<images/euclidean_formula.png, id=124, 1182.4175pt x 374.39874pt>
File: images/euclidean_formula.png Graphic file (type png)

<use images/euclidean_formula.png>
Package pdftex.def Info: images/euclidean_formula.png used on input line 467.
(pdftex.def)             Requested size: 177.35497pt x 56.15738pt.


LaTeX Warning: `!h' float specifier changed to `!ht'.

[19] [20 <./images/euclidean_formula.png>]
<images/sequence_of_queens.png, id=132, 401.5pt x 200.75pt>
File: images/sequence_of_queens.png Graphic file (type png)

<use images/sequence_of_queens.png>
Package pdftex.def Info: images/sequence_of_queens.png used on input line 498.
(pdftex.def)             Requested size: 200.7495pt x 100.37474pt.

Overfull \hbox (16.639pt too wide) in paragraph at lines 532--544
 [][] 
 []


LaTeX Warning: `!h' float specifier changed to `!ht'.


Overfull \hbox (16.639pt too wide) in paragraph at lines 572--584
 [][] 
 []


LaTeX Warning: `!h' float specifier changed to `!ht'.


LaTeX Warning: `!h' float specifier changed to `!ht'.


Overfull \hbox (22.114pt too wide) in paragraph at lines 613--625
 [][] 
 []


LaTeX Warning: `!h' float specifier changed to `!ht'.

[21 <./images/sequence_of_queens.png (PNG copy)>] [22]
<images/king.jpg, id=140, 80.3pt x 161.60374pt>
File: images/king.jpg Graphic file (type jpg)
 <use images/king.jpg>
Package pdftex.def Info: images/king.jpg used on input line 650.
(pdftex.def)             Requested size: 80.29979pt x 161.60335pt.


LaTeX Warning: `!h' float specifier changed to `!ht'.

[23] <images/length_of_line3.png, id=144, 1334.9875pt x 982.67125pt>
File: images/length_of_line3.png Graphic file (type png)

<use images/length_of_line3.png>
Package pdftex.def Info: images/length_of_line3.png used on input line 679.
(pdftex.def)             Requested size: 387.13647pt x 284.96736pt.


LaTeX Warning: `!h' float specifier changed to `!ht'.

<images/camera_image9.jpeg, id=145, 1927.2pt x 1084.05pt>
File: images/camera_image9.jpeg Graphic file (type jpg)

<use images/camera_image9.jpeg>
Package pdftex.def Info: images/camera_image9.jpeg used on input line 689.
(pdftex.def)             Requested size: 462.53746pt x 260.1773pt.


LaTeX Warning: `!h' float specifier changed to `!ht'.

<images/row_of_pawns.png, id=146, 798.985pt x 167.62625pt>
File: images/row_of_pawns.png Graphic file (type png)

<use images/row_of_pawns.png>
Package pdftex.def Info: images/row_of_pawns.png used on input line 696.
(pdftex.def)             Requested size: 439.4431pt x 92.1947pt.


LaTeX Warning: `!h' float specifier changed to `!ht'.

[24 <./images/king.jpg>]
Overfull \vbox (14.27017pt too high) has occurred while \output is active []


[25 <./images/length_of_line3.png> <./images/camera_image9.jpeg>]
<images/detection_colour_comparison.jpg, id=154, 434.62375pt x 181.67876pt>
File: images/detection_colour_comparison.jpg Graphic file (type jpg)

<use images/detection_colour_comparison.jpg>
Package pdftex.def Info: images/detection_colour_comparison.jpg used on input l
ine 711.
(pdftex.def)             Requested size: 347.69946pt x 145.34319pt.
 [26 <./images/row_of_pawns.png> <./images/detection_colour_comparison.jpg>]
<images/training_data_builder.png, id=160, 1814.78pt x 833.1125pt>
File: images/training_data_builder.png Graphic file (type png)

<use images/training_data_builder.png>
Package pdftex.def Info: images/training_data_builder.png used on input line 72
6.
(pdftex.def)             Requested size: 508.13495pt x 233.26991pt.

Overfull \hbox (17.61128pt too wide) in paragraph at lines 726--727
 [][] 
 []

[27 <./images/training_data_builder.png>]
<images/chess_move.png, id=166, 690.58pt x 906.38625pt>
File: images/chess_move.png Graphic file (type png)

<use images/chess_move.png>
Package pdftex.def Info: images/chess_move.png used on input line 801.
(pdftex.def)             Requested size: 379.82018pt x 498.51398pt.


LaTeX Warning: `!h' float specifier changed to `!ht'.

<images/fenhelp2.png, id=167, 366.36874pt x 270.00874pt>
File: images/fenhelp2.png Graphic file (type png)

<use images/fenhelp2.png>
Package pdftex.def Info: images/fenhelp2.png used on input line 833.
(pdftex.def)             Requested size: 293.09538pt x 216.00728pt.


LaTeX Warning: `!h' float specifier changed to `!ht'.

[28] [29 <./images/chess_move.png>]
<images/surprised_face.jpg, id=175, 396.48125pt x 314.17375pt>
File: images/surprised_face.jpg Graphic file (type jpg)

<use images/surprised_face.jpg>
Package pdftex.def Info: images/surprised_face.jpg used on input line 854.
(pdftex.def)             Requested size: 95.15744pt x 75.40323pt.

<images/asleep_face.jpg, id=176, 378.41376pt x 308.15125pt>
File: images/asleep_face.jpg Graphic file (type jpg)

<use images/asleep_face.jpg>
Package pdftex.def Info: images/asleep_face.jpg used on input line 865.
(pdftex.def)             Requested size: 87.03333pt x 70.87329pt.
 [30 <./images/fenhelp2.png> <./images/surprised_face.jpg> <./images/asleep_fac
e.jpg>]
<images/sad_face.jpg, id=181, 385.44pt x 313.17pt>
File: images/sad_face.jpg Graphic file (type jpg)
 <use images/sad_face.jpg>
Package pdftex.def Info: images/sad_face.jpg used on input line 876.
(pdftex.def)             Requested size: 96.35976pt x 78.2923pt.

<images/dab_move.jpg, id=182, 722.7pt x 963.6pt>
File: images/dab_move.jpg Graphic file (type jpg)
 <use images/dab_move.jpg>
Package pdftex.def Info: images/dab_move.jpg used on input line 885.
(pdftex.def)             Requested size: 289.07487pt x 385.43317pt.

[31 <./images/sad_face.jpg> <./images/dab_move.jpg>]
<images/finalPipeline.png, id=186, 515.9275pt x 1044.90375pt>
File: images/finalPipeline.png Graphic file (type png)

<use images/finalPipeline.png>
Package pdftex.def Info: images/finalPipeline.png used on input line 899.
(pdftex.def)             Requested size: 252.80669pt x 512.00732pt.
 [32 <./images/finalPipeline.png>]
Chapter 4.
<images/BaxterWithChessboard.jpg, id=191, 963.6pt x 722.7pt>
File: images/BaxterWithChessboard.jpg Graphic file (type jpg)

<use images/BaxterWithChessboard.jpg>
Package pdftex.def Info: images/BaxterWithChessboard.jpg used on input line 917
.
(pdftex.def)             Requested size: 404.70924pt x 303.53192pt.


LaTeX Warning: `!h' float specifier changed to `!ht'.

<images/tb0.png, id=192, 327.2225pt x 208.78pt>
File: images/tb0.png Graphic file (type png)
 <use images/tb0.png>
Package pdftex.def Info: images/tb0.png used on input line 933.
(pdftex.def)             Requested size: 245.41626pt x 156.5846pt.

<images/1tb1.png, id=193, 327.2225pt x 208.78pt>
File: images/1tb1.png Graphic file (type png)
 <use images/1tb1.png>
Package pdftex.def Info: images/1tb1.png used on input line 933.
(pdftex.def)             Requested size: 245.41626pt x 156.5846pt.

Overfull \hbox (2.38936pt too wide) in paragraph at lines 933--934
[][] [] 
 []

[33

] <images/tb2.png, id=198, 339.2675pt x 208.78pt>
File: images/tb2.png Graphic file (type png)
 <use images/tb2.png>
Package pdftex.def Info: images/tb2.png used on input line 942.
(pdftex.def)             Requested size: 254.45pt x 156.5846pt.

<images/1tb3.png, id=199, 337.26pt x 208.78pt>
File: images/1tb3.png Graphic file (type png)
 <use images/1tb3.png>
Package pdftex.def Info: images/1tb3.png used on input line 942.
(pdftex.def)             Requested size: 252.94437pt x 156.5846pt.

Overfull \hbox (18.9512pt too wide) in paragraph at lines 942--943
[][] [] 
 []


LaTeX Warning: `!h' float specifier changed to `!ht'.

[34 <./images/BaxterWithChessboard.jpg> <./images/tb0.png> <./images/1tb1.png (
PNG copy)>] <images/tb4.png, id=203, 338.26375pt x 208.78pt>
File: images/tb4.png Graphic file (type png)

<use images/tb4.png>
Package pdftex.def Info: images/tb4.png used on input line 953.
(pdftex.def)             Requested size: 253.69717pt x 156.5846pt.
 <images/tb5.png, id=204, 327.2225pt x 208.78pt>
File: images/tb5.png Graphic file (type png)

<use images/tb5.png>
Package pdftex.def Info: images/tb5.png used on input line 953.
(pdftex.def)             Requested size: 245.41626pt x 156.5846pt.

Overfull \hbox (10.67027pt too wide) in paragraph at lines 953--954
[][] [] 
 []

<images/tb6.png, id=205, 342.27875pt x 208.78pt>
File: images/tb6.png Graphic file (type png)
 <use images/tb6.png>
Package pdftex.def Info: images/tb6.png used on input line 963.
(pdftex.def)             Requested size: 256.70842pt x 156.5846pt.

<images/1tb7.png, id=206, 328.22626pt x 208.78pt>
File: images/1tb7.png Graphic file (type png)
 <use images/1tb7.png>
Package pdftex.def Info: images/1tb7.png used on input line 963.
(pdftex.def)             Requested size: 246.16908pt x 156.5846pt.

Overfull \hbox (14.43434pt too wide) in paragraph at lines 963--964
[][] [] 
 []

<images/1tb8.png, id=207, 330.23375pt x 208.78pt>
File: images/1tb8.png Graphic file (type png)
 <use images/1tb8.png>
Package pdftex.def Info: images/1tb8.png used on input line 972.
(pdftex.def)             Requested size: 247.67468pt x 156.5846pt.

<images/1tb9.png, id=208, 339.2675pt x 208.78pt>
File: images/1tb9.png Graphic file (type png)
 <use images/1tb9.png>
Package pdftex.def Info: images/1tb9.png used on input line 972.
(pdftex.def)             Requested size: 254.45pt x 156.5846pt.

Overfull \hbox (13.68152pt too wide) in paragraph at lines 972--973
[][] [] 
 []


LaTeX Warning: `!h' float specifier changed to `!ht'.

<images/tb10.png, id=209, 331.2375pt x 208.78pt>
File: images/tb10.png Graphic file (type png)
 <use images/tb10.png>
Package pdftex.def Info: images/tb10.png used on input line 981.
(pdftex.def)             Requested size: 248.4275pt x 156.5846pt.

<images/1tb11.png, id=210, 332.24126pt x 208.78pt>
File: images/1tb11.png Graphic file (type png)
 <use images/1tb11.png>
Package pdftex.def Info: images/1tb11.png used on input line 981.
(pdftex.def)             Requested size: 249.18031pt x 156.5846pt.

Overfull \hbox (9.16466pt too wide) in paragraph at lines 981--982
[][] [] 
 []

[35 <./images/tb2.png (PNG copy)> <./images/1tb3.png> <./images/tb4.png (PNG co
py)> <./images/tb5.png (PNG copy)> <./images/tb6.png (PNG copy)> <./images/1tb7
.png>] [36 <./images/1tb8.png> <./images/1tb9.png> <./images/tb10.png (PNG copy
)> <./images/1tb11.png>]
<images/ts/ts1.png, id=222, 334.24875pt x 217.81375pt>
File: images/ts/ts1.png Graphic file (type png)
 <use images/ts/ts1.png>
Package pdftex.def Info: images/ts/ts1.png used on input line 1006.
(pdftex.def)             Requested size: 267.39935pt x 174.25122pt.

<images/ts/tsd1.png, id=223, 333.245pt x 155.58125pt>
File: images/ts/tsd1.png Graphic file (type png)
 <use images/ts/tsd1.png>
Package pdftex.def Info: images/ts/tsd1.png used on input line 1006.
(pdftex.def)             Requested size: 249.93312pt x 116.68564pt.

Overfull \hbox (28.88931pt too wide) in paragraph at lines 1006--1007
[][] [] 
 []

<images/ts/ts2.png, id=224, 324.21124pt x 216.81pt>
File: images/ts/ts2.png Graphic file (type png)
 <use images/ts/ts2.png>
Package pdftex.def Info: images/ts/ts2.png used on input line 1027.
(pdftex.def)             Requested size: 259.36934pt x 173.44823pt.

<images/ts/tsd2.png, id=225, 152.57pt x 148.555pt>
File: images/ts/tsd2.png Graphic file (type png)
 <use images/ts/tsd2.png>
Package pdftex.def Info: images/ts/tsd2.png used on input line 1027.
(pdftex.def)             Requested size: 114.42722pt x 111.41597pt.


LaTeX Warning: `!h' float specifier changed to `!ht'.


LaTeX Warning: `!h' float specifier changed to `!ht'.

<images/ts/ts6.png, id=226, 332.24126pt x 211.79124pt>
File: images/ts/ts6.png Graphic file (type png)
 <use images/ts/ts6.png>
Package pdftex.def Info: images/ts/ts6.png used on input line 1053.
(pdftex.def)             Requested size: 265.79335pt x 169.43321pt.

<images/ts/tsd6.png, id=227, 291.0875pt x 135.50626pt>
File: images/ts/tsd6.png Graphic file (type png)

<use images/ts/tsd6.png>
Package pdftex.def Info: images/ts/tsd6.png used on input line 1053.
(pdftex.def)             Requested size: 218.31508pt x 101.62943pt.
 [37 <./images/ts/ts1.png> <./images/ts/tsd1.png>]
[38 <./images/ts/ts2.png> <./images/ts/tsd2.png> <./images/ts/ts6.png> <./image
s/ts/tsd6.png>] <images/ts/ts9.png, id=235, 326.21875pt x 215.80624pt>
File: images/ts/ts9.png Graphic file (type png)

<use images/ts/ts9.png>
Package pdftex.def Info: images/ts/ts9.png used on input line 1079.
(pdftex.def)             Requested size: 260.97534pt x 172.64522pt.
 <images/ts/tsd9.png, id=236, 305.14pt x 136.51pt>
File: images/ts/tsd9.png Graphic file (type png)

<use images/ts/tsd9.png>
Package pdftex.def Info: images/ts/tsd9.png used on input line 1079.
(pdftex.def)             Requested size: 228.85442pt x 102.38223pt.

Overfull \hbox (1.3866pt too wide) in paragraph at lines 1079--1080
[][] [] 
 []

<images/ts/ts10.png, id=237, 325.215pt x 218.8175pt>
File: images/ts/ts10.png Graphic file (type png)
 <use images/ts/ts10.png>
Package pdftex.def Info: images/ts/ts10.png used on input line 1102.
(pdftex.def)             Requested size: 260.17235pt x 175.05423pt.

<images/ts/tsd10.png, id=238, 303.1325pt x 137.51375pt>
File: images/ts/tsd10.png Graphic file (type png)

<use images/ts/tsd10.png>
Package pdftex.def Info: images/ts/tsd10.png used on input line 1102.
(pdftex.def)             Requested size: 227.34882pt x 103.13506pt.

<images/ts/ts13.png, id=239, 326.21875pt x 213.79875pt>
File: images/ts/ts13.png Graphic file (type png)

<use images/ts/ts13.png>
Package pdftex.def Info: images/ts/ts13.png used on input line 1126.
(pdftex.def)             Requested size: 260.97534pt x 171.03922pt.

<images/ts/tsd13.png, id=240, 139.52126pt x 134.5025pt>
File: images/ts/tsd13.png Graphic file (type png)

<use images/ts/tsd13.png>
Package pdftex.def Info: images/ts/tsd13.png used on input line 1126.
(pdftex.def)             Requested size: 104.64067pt x 100.8766pt.
 [39 <./images/ts/ts9.png> <./images/ts/tsd9.png> <./images/ts/ts10.png> <./ima
ges/ts/tsd10.png>]
<images/ts/ts14.png, id=248, 333.245pt x 216.81pt>
File: images/ts/ts14.png Graphic file (type png)
 <use images/ts/ts14.png>
Package pdftex.def Info: images/ts/ts14.png used on input line 1149.
(pdftex.def)             Requested size: 266.59634pt x 173.44823pt.

<images/ts/tsd14.png, id=249, 141.52875pt x 139.52126pt>
File: images/ts/tsd14.png Graphic file (type png)

<use images/ts/tsd14.png>
Package pdftex.def Info: images/ts/tsd14.png used on input line 1149.
(pdftex.def)             Requested size: 106.14629pt x 104.64067pt.
 [40 <./images/ts/ts13.png> <./images/ts/tsd13.png> <./images/ts/ts14.png> <./i
mages/ts/tsd14.png>]
<images/timeGraph.png, id=255, 548.0475pt x 333.245pt>
File: images/timeGraph.png Graphic file (type png)

<use images/timeGraph.png>
Package pdftex.def Info: images/timeGraph.png used on input line 1175.
(pdftex.def)             Requested size: 411.0346pt x 249.93312pt.

<images/classifiersGraph.png, id=256, 564.1075pt x 353.32pt>
File: images/classifiersGraph.png Graphic file (type png)

<use images/classifiersGraph.png>
Package pdftex.def Info: images/classifiersGraph.png used on input line 1185.
(pdftex.def)             Requested size: 423.07957pt x 264.98935pt.
 [41 <./images/timeGraph.png> <./images/classifiersGraph.png>] [42]
Chapter 5.
[43

] [44] [45


]
Appendix A.
<images/ts/ts3.png, id=275, 323.2075pt x 216.81pt>
File: images/ts/ts3.png Graphic file (type png)
 <use images/ts/ts3.png>
Package pdftex.def Info: images/ts/ts3.png used on input line 1261.
(pdftex.def)             Requested size: 258.56635pt x 173.44823pt.

<images/ts/tsd3.png, id=276, 291.0875pt x 136.51pt>
File: images/ts/tsd3.png Graphic file (type png)
 <use images/ts/tsd3.png>
Package pdftex.def Info: images/ts/tsd3.png used on input line 1261.
(pdftex.def)             Requested size: 218.31508pt x 102.38223pt.

<images/ts/ts4.png, id=277, 334.24875pt x 213.79875pt>
File: images/ts/ts4.png Graphic file (type png)
 <use images/ts/ts4.png>
Package pdftex.def Info: images/ts/ts4.png used on input line 1280.
(pdftex.def)             Requested size: 267.39935pt x 171.03922pt.

<images/ts/tsd4.png, id=278, 298.11375pt x 139.52126pt>
File: images/ts/tsd4.png Graphic file (type png)

<use images/ts/tsd4.png>
Package pdftex.def Info: images/ts/tsd4.png used on input line 1280.
(pdftex.def)             Requested size: 223.58476pt x 104.64067pt.

Overfull \hbox (2.54095pt too wide) in paragraph at lines 1280--1281
[][] [] 
 []


LaTeX Warning: `!h' float specifier changed to `!ht'.

<images/ts/ts5.png, id=279, 325.215pt x 214.8025pt>
File: images/ts/ts5.png Graphic file (type png)
 <use images/ts/ts5.png>
Package pdftex.def Info: images/ts/ts5.png used on input line 1300.
(pdftex.def)             Requested size: 260.17235pt x 171.84222pt.

<images/ts/tsd5.png, id=280, 138.5175pt x 135.50626pt>
File: images/ts/tsd5.png Graphic file (type png)

<use images/ts/tsd5.png>
Package pdftex.def Info: images/ts/tsd5.png used on input line 1300.
(pdftex.def)             Requested size: 103.88786pt x 101.62943pt.
 [46

 <./images/ts/ts3.png> <./images/ts/tsd3.png> <./images/ts/ts4.png> <./images/t
s/tsd4.png>]
<images/ts/ts7.png, id=286, 331.2375pt x 215.80624pt>
File: images/ts/ts7.png Graphic file (type png)
 <use images/ts/ts7.png>
Package pdftex.def Info: images/ts/ts7.png used on input line 1320.
(pdftex.def)             Requested size: 264.99034pt x 172.64522pt.

<images/ts/tsd7.png, id=287, 142.5325pt x 136.51pt>
File: images/ts/tsd7.png Graphic file (type png)
 <use images/ts/tsd7.png>
Package pdftex.def Info: images/ts/tsd7.png used on input line 1320.
(pdftex.def)             Requested size: 106.8991pt x 102.38223pt.

[47 <./images/ts/ts5.png> <./images/ts/tsd5.png> <./images/ts/ts7.png> <./image
s/ts/tsd7.png>] <images/ts/ts8.png, id=293, 326.21875pt x 215.80624pt>
File: images/ts/ts8.png Graphic file (type png)

<use images/ts/ts8.png>
Package pdftex.def Info: images/ts/ts8.png used on input line 1341.
(pdftex.def)             Requested size: 260.97534pt x 172.64522pt.
 <images/ts/tsd8.png, id=294, 303.1325pt x 138.5175pt>
File: images/ts/tsd8.png Graphic file (type png)

<use images/ts/tsd8.png>
Package pdftex.def Info: images/ts/tsd8.png used on input line 1341.
(pdftex.def)             Requested size: 227.34882pt x 103.88786pt.
 <images/ts/ts11.png, id=295, 325.215pt x 213.79875pt>
File: images/ts/ts11.png Graphic file (type png)

<use images/ts/ts11.png>
Package pdftex.def Info: images/ts/ts11.png used on input line 1360.
(pdftex.def)             Requested size: 260.17235pt x 171.03922pt.

<images/ts/tsd11.png, id=296, 292.09125pt x 137.51375pt>
File: images/ts/tsd11.png Graphic file (type png)

<use images/ts/tsd11.png>
Package pdftex.def Info: images/ts/tsd11.png used on input line 1360.
(pdftex.def)             Requested size: 219.06789pt x 103.13506pt.
 [48 <./images/ts/ts8.png> <./images/ts/tsd8.png> <./images/ts/ts11.png> <./ima
ges/ts/tsd11.png>]
<images/ts/ts12.png, id=302, 324.21124pt x 208.78pt>
File: images/ts/ts12.png Graphic file (type png)
 <use images/ts/ts12.png>
Package pdftex.def Info: images/ts/ts12.png used on input line 1380.
(pdftex.def)             Requested size: 259.36934pt x 167.0242pt.

<images/ts/tsd12.png, id=303, 140.525pt x 142.5325pt>
File: images/ts/tsd12.png Graphic file (type png)

<use images/ts/tsd12.png>
Package pdftex.def Info: images/ts/tsd12.png used on input line 1380.
(pdftex.def)             Requested size: 105.39348pt x 106.8991pt.
 [49 <./images/ts/ts12.png> <./images/ts/tsd12.png>]
Appendix B.
LaTeX Font Info:    Try loading font information for OT1+pcr on input line 1399
.
(/usr/share/texlive/texmf-dist/tex/latex/psnfss/ot1pcr.fd
File: ot1pcr.fd 2001/06/04 font definitions for OT1/pcr.
) (./dissertation.bbl
[50

]
Underfull \hbox (badness 10000) in paragraph at lines 20--22
[]\OT1/ptm/m/n/10.95 Cross-validation: eval-u-at-ing es-ti-ma-tor per-for-mance
.  http://scikit-
 []


Underfull \hbox (badness 10000) in paragraph at lines 24--26
[]\OT1/ptm/m/n/10.95 Fen made easy - learn-ing forsyth-edwards no-ta-tion, by c
hess-games.com.
 []


Overfull \hbox (14.13393pt too wide) in paragraph at lines 38--40
[]\OT1/ptm/m/n/10.95 How to re-train in-cep-tion's fi-nal layer for new cat-e-g
ories.  https://www.tensorflow.org/tutorials/image[]retraining. 
 []


Underfull \hbox (badness 10000) in paragraph at lines 74--77
[]\OT1/ptm/m/n/10.95 Orb (ori-ented fast and ro-tated brief).  http://docs.open
cv.org/3.0-
 []


Overfull \hbox (28.8392pt too wide) in paragraph at lines 101--104
[]\OT1/ptm/m/n/10.95 Solution de-vel-op-ment.  http://iie.fing.edu.uy/investiga
cion/grupos/gti/timag/trabajos/2014/ajedrez/desarrollo.html. 
 []

[51

]
Overfull \hbox (54.38545pt too wide) in paragraph at lines 114--117
[]\OT1/ptm/m/n/10.95 Technology facts - the his-tory of robotics.  http://www.s
ciencekids.co.nz/sciencefacts/technology/historyofrobotics.html. 
 []


Underfull \hbox (badness 1383) in paragraph at lines 119--122
[]\OT1/ptm/m/n/10.95 Tensorflow for po-ets, code-lab tu-to-rial.  https://codel
abs.developers.google.com/codelabs/tensorflow-
 []


Underfull \hbox (badness 10000) in paragraph at lines 119--122
\OT1/ptm/m/n/10.95 for-poets/?utm[]campaign=chrome[]series[]machinelearning[]06
3016&utm[]source=gdev&utm[]medium=yt-
 []


Underfull \hbox (badness 10000) in paragraph at lines 124--126
[]\OT1/ptm/m/n/10.95 The British Ma-chine Vi-sion As-so-ci-a-tion and So-ci-ety
 for Pat-tern Recog-ni-tion.
 []

Missing character: There is no ‚ in font ptmr7t!
Missing character: There is no Ä in font ptmr7t!
Missing character: There is no ú in font ptmr7t!
Missing character: There is no ‚ in font ptmr7t!
Missing character: There is no Ä in font ptmr7t!
Missing character: There is no ù in font ptmr7t!

Underfull \hbox (badness 10000) in paragraph at lines 166--170
[]\OT1/ptm/m/n/10.95 Josh Gor-don Google De-vel-op-ers.  Ma-chine learn-ing rec
ipes with josh gor-don.
 []


Underfull \hbox (badness 10000) in paragraph at lines 196--200
[]\OT1/ptm/m/n/10.95 Massimiliano Pat-ac-chi-ola.  The sim-plest clas-si-fier: 
His-togram com-par-i-son.
 []


Underfull \hbox (badness 1337) in paragraph at lines 208--213
[]\OT1/ptm/m/n/10.95 Sunil Ray.  Un-der-stand-ing sup-port vec-tor ma-chine al-
go-rithm from ex-am-ples (along with code).
 []

[52]
Underfull \hbox (badness 2452) in paragraph at lines 240--244
[]\OT1/ptm/m/n/10.95 Saravanan Thiru-mu-ru-ganathan.  A de-tailed in-tro-duc-ti
on to k-nearest neigh-bor (knn) al-go-rithm.
 []


Underfull \hbox (badness 10000) in paragraph at lines 240--244
\OT1/ptm/m/n/10.95 https://saravananthirumuruganathan.wordpress.com/2010/05/17/
a-detailed-introduction-to-k-nearest-
 []

) [53] (./dissertation.aux)

LaTeX Warning: There were multiply-defined labels.

 ) 
Here is how much of TeX's memory you used:
 11415 strings out of 494910
 213109 string characters out of 6179836
 252500 words of memory out of 5000000
 14509 multiletter control sequences out of 15000+600000
 26231 words of font info for 54 fonts, out of 8000000 for 9000
 36 hyphenation exceptions out of 8191
 38i,9n,42p,10384b,294s stack positions out of 5000i,500n,10000p,200000b,80000s
{/usr/share/texlive/texmf-dist/fonts/enc/dvips/base/8r.enc}</usr/share/texliv
e/texmf-dist/fonts/type1/public/amsfonts/cm/cmsy8.pfb></usr/share/texlive/texmf
-dist/fonts/type1/urw/courier/ucrr8a.pfb></usr/share/texlive/texmf-dist/fonts/t
ype1/urw/times/utmb8a.pfb></usr/share/texlive/texmf-dist/fonts/type1/urw/times/
utmr8a.pfb></usr/share/texlive/texmf-dist/fonts/type1/urw/times/utmri8a.pfb>
Output written on dissertation.pdf (63 pages, 34150130 bytes).
PDF statistics:
 343 PDF objects out of 1000 (max. 8388607)
 161 compressed objects within 2 object streams
 0 named destinations out of 1000 (max. 500000)
 391 words of extra memory for PDF output out of 10000 (max. 10000000)

